[debug] [2024-07-29T05:37:52.600Z] ----------------------------------------------------------------------
[debug] [2024-07-29T05:37:52.608Z] Command:       C:\Program Files\nodejs\node.exe C:\Users\WaiYan MoeMyint\AppData\Roaming\npm\node_modules\firebase-tools\lib\bin\firebase.js deploy
[debug] [2024-07-29T05:37:52.608Z] CLI Version:   13.14.2
[debug] [2024-07-29T05:37:52.609Z] Platform:      win32
[debug] [2024-07-29T05:37:52.609Z] Node Version:  v20.12.2
[debug] [2024-07-29T05:37:52.609Z] Time:          Mon Jul 29 2024 12:07:52 GMT+0630 (Myanmar Time)
[debug] [2024-07-29T05:37:52.609Z] ----------------------------------------------------------------------
[debug] 
[debug] [2024-07-29T05:37:52.711Z] > command requires scopes: ["email","openid","https://www.googleapis.com/auth/cloudplatformprojects.readonly","https://www.googleapis.com/auth/firebase","https://www.googleapis.com/auth/cloud-platform"]
[debug] [2024-07-29T05:37:52.712Z] > authorizing via signed-in user (wymoemyint4523@gmail.com)
[debug] [2024-07-29T05:37:52.712Z] [iam] checking project mini-pocket-weather-app for permissions ["firebase.projects.get","firebasehosting.sites.update"]
[debug] [2024-07-29T05:37:52.715Z] >>> [apiv2][query] POST https://cloudresourcemanager.googleapis.com/v1/projects/mini-pocket-weather-app:testIamPermissions [none]
[debug] [2024-07-29T05:37:52.715Z] >>> [apiv2][(partial)header] POST https://cloudresourcemanager.googleapis.com/v1/projects/mini-pocket-weather-app:testIamPermissions x-goog-quota-user=projects/mini-pocket-weather-app
[debug] [2024-07-29T05:37:52.716Z] >>> [apiv2][body] POST https://cloudresourcemanager.googleapis.com/v1/projects/mini-pocket-weather-app:testIamPermissions {"permissions":["firebase.projects.get","firebasehosting.sites.update"]}
[debug] [2024-07-29T05:37:53.920Z] <<< [apiv2][status] POST https://cloudresourcemanager.googleapis.com/v1/projects/mini-pocket-weather-app:testIamPermissions 200
[debug] [2024-07-29T05:37:53.921Z] <<< [apiv2][body] POST https://cloudresourcemanager.googleapis.com/v1/projects/mini-pocket-weather-app:testIamPermissions {"permissions":["firebase.projects.get","firebasehosting.sites.update"]}
[debug] [2024-07-29T05:37:53.922Z] >>> [apiv2][query] GET https://firebase.googleapis.com/v1beta1/projects/mini-pocket-weather-app [none]
[debug] [2024-07-29T05:37:54.313Z] <<< [apiv2][status] GET https://firebase.googleapis.com/v1beta1/projects/mini-pocket-weather-app 200
[debug] [2024-07-29T05:37:54.313Z] <<< [apiv2][body] GET https://firebase.googleapis.com/v1beta1/projects/mini-pocket-weather-app {"projectId":"mini-pocket-weather-app","projectNumber":"510246866717","displayName":"mini-pocket-weather-app","name":"projects/mini-pocket-weather-app","resources":{"hostingSite":"mini-pocket-weather-app"},"state":"ACTIVE","etag":"1_45fe38f1-1af9-40b9-85f4-c771af20a38e"}
[debug] [2024-07-29T05:37:59.414Z] >>> [apiv2][query] GET https://firebasehosting.googleapis.com/v1beta1/projects/mini-pocket-weather-app/sites pageToken=&pageSize=10
[debug] [2024-07-29T05:38:00.177Z] <<< [apiv2][status] GET https://firebasehosting.googleapis.com/v1beta1/projects/mini-pocket-weather-app/sites 200
[debug] [2024-07-29T05:38:00.177Z] <<< [apiv2][body] GET https://firebasehosting.googleapis.com/v1beta1/projects/mini-pocket-weather-app/sites {"sites":[{"name":"projects/mini-pocket-weather-app/sites/mini-pocket-weather-app","defaultUrl":"https://mini-pocket-weather-app.web.app","appId":"1:510246866717:web:f7ac84babfafe5adea9bf4","type":"DEFAULT_SITE"}]}
[debug] [2024-07-29T05:38:00.178Z] >>> [apiv2][query] GET https://firebase.googleapis.com/v1beta1/projects/-/webApps/1:510246866717:web:f7ac84babfafe5adea9bf4/config [none]
[debug] [2024-07-29T05:38:01.580Z] <<< [apiv2][status] GET https://firebase.googleapis.com/v1beta1/projects/-/webApps/1:510246866717:web:f7ac84babfafe5adea9bf4/config 200
[debug] [2024-07-29T05:38:01.580Z] <<< [apiv2][body] GET https://firebase.googleapis.com/v1beta1/projects/-/webApps/1:510246866717:web:f7ac84babfafe5adea9bf4/config {"projectId":"mini-pocket-weather-app","appId":"1:510246866717:web:f7ac84babfafe5adea9bf4","storageBucket":"mini-pocket-weather-app.appspot.com","apiKey":"AIzaSyCXm8hOpKR_AvJg8aOMGynG1UIU2uqzt3U","authDomain":"mini-pocket-weather-app.firebaseapp.com","messagingSenderId":"510246866717","measurementId":"G-TVMYDFLSEE"}
[info] 
   Thank you for trying our early preview of Next.js support on Firebase Hosting.
   During the preview, support is best-effort and breaking changes can be expected. Proceed with caution.
   The integration is known to work with Next.js version 12 - 14.0. You may encounter errors.

   Documentation: https://firebase.google.com/docs/hosting/frameworks/nextjs
   File a bug: https://github.com/firebase/firebase-tools/issues/new?template=bug_report.md
   Submit a feature request: https://github.com/firebase/firebase-tools/issues/new?template=feature_request.md

   We'd love to learn from you. Express your interest in helping us shape the future of Firebase Hosting: https://goo.gle/41enW5X

[debug] [2024-07-29T05:38:13.380Z] >>> [apiv2][query] GET https://firebasehosting.googleapis.com/v1beta1/projects/mini-pocket-weather-app/sites/mini-pocket-weather-app [none]
[debug] [2024-07-29T05:38:14.167Z] <<< [apiv2][status] GET https://firebasehosting.googleapis.com/v1beta1/projects/mini-pocket-weather-app/sites/mini-pocket-weather-app 200
[debug] [2024-07-29T05:38:14.168Z] <<< [apiv2][body] GET https://firebasehosting.googleapis.com/v1beta1/projects/mini-pocket-weather-app/sites/mini-pocket-weather-app {"name":"projects/mini-pocket-weather-app/sites/mini-pocket-weather-app","defaultUrl":"https://mini-pocket-weather-app.web.app","appId":"1:510246866717:web:f7ac84babfafe5adea9bf4","type":"DEFAULT_SITE"}
[info]   ▲ Next.js 14.2.5
  - Environments: .env.local


[info]    Creating an optimized production build ...

[info]  ✓ Compiled successfully

[info]    Linting and checking validity of types ...

[info] Warning: React version not specified in eslint-plugin-react settings. See https://github.com/jsx-eslint/eslint-plugin-react#configuration .

[info] 
Failed to compile.

[info] 
./app/api/location/route.js
5:32  Error: 'URL' is not defined.  no-undef
10:29  Error: 'fetch' is not defined.  no-undef

./app/api/sun/route.js
5:32  Error: 'URL' is not defined.  no-undef
10:29  Error: 'fetch' is not defined.  no-undef

./app/components/CurrentWeather.jsx
2:17  Error: 'useEffect' is defined but never used.  no-unused-vars
2:40  Error: 'useState' is defined but never used.  no-unused-vars
3:8  Error: 'moment' is defined but never used.  no-unused-vars

./app/components/FiveWeather.jsx
2:29  Error: 'useState' is defined but never used.  no-unused-vars
2:39  Error: 'useEffect' is defined but never used.  no-unused-vars
5:8  Error: 'Loader' is defined but never used.  no-unused-vars

./app/components/HourlyForecast.jsx
2:29  Error: 'useState' is defined but never used.  no-unused-vars
2:39  Error: 'useEffect' is defined but never used.  no-unused-vars

./app/components/Humidity.jsx
6:19  Error: 'location' is assigned a value but never used.  no-unused-vars

./app/components/Nav.jsx
2:17  Error: 'useState' is defined but never used.  no-unused-vars
9:11  Error: 'search' is assigned a value but never used.  no-unused-vars

./app/components/NavAuth.jsx
3:8  Error: 'Link' is defined but never used.  no-unused-vars
6:16  Error: Component definition is missing display name  react/display-name
8:12  Error: 'user' is assigned a value but never used.  no-unused-vars
11:10  Error: 'signInUrl' is assigned a value but never used.  no-unused-vars
14:10  Error: 'signUpUrl' is assigned a value but never used.  no-unused-vars

./app/components/Pollution.jsx
1:28  Error: 'useState' is defined but never used.  no-unused-vars
6:21  Error: 'location' is assigned a value but never used.  no-unused-vars

./app/components/Preci.jsx
7:21  Error: 'location' is assigned a value but never used.  no-unused-vars

./app/components/Pressures.jsx
6:20  Error: 'location' is assigned a value but never used.  no-unused-vars
9:3  Error: 'console' is not defined.  no-undef

./app/components/SunCondition.jsx
2:29  Error: 'useState' is defined but never used.  no-unused-vars
2:39  Error: 'useEffect' is defined but never used.  no-unused-vars

./app/components/Temperature.jsx
6:20  Error: 'location' is assigned a value but never used.  no-unused-vars

./app/components/UV.jsx
6:21  Error: 'location' is assigned a value but never used.  no-unused-vars

./app/components/Wind.jsx
6:20  Error: 'location' is assigned a value but never used.  no-unused-vars

./app/context/Weather.jsx
3:8  Error: 'CurrentWeather' is defined but never used.  no-unused-vars
22:33  Error: 'fetch' is not defined.  no-undef
30:9  Error: 'console' is not defined.  no-undef
41:33  Error: 'fetch' is not defined.  no-undef
48:9  Error: 'console' is not defined.  no-undef

./app/firebase.js
21:7  Error: 'analytics' is assigned a value but never used.  no-unused-vars

./app/layout.js
11:40  Error: 'children' is missing in props validation  react/prop-types
13:7  Error: 'React' must be in scope when using JSX  react/react-in-jsx-scope
14:9  Error: 'React' must be in scope when using JSX  react/react-in-jsx-scope
15:11  Error: 'React' must be in scope when using JSX  react/react-in-jsx-scope
16:13  Error: 'React' must be in scope when using JSX  react/react-in-jsx-scope

info  - Need to disable some ESLint rules? Learn more here: https://nextjs.org/docs/basic-features/eslint#disabling-rules

[debug] [2024-07-29T05:38:37.038Z] Error: ENOENT: no such file or directory, open 'C:\Users\WaiYan MoeMyint\Desktop\FE Project\pocket_weather\.next\export-marker.json'
[error] 
[error] Error: An unexpected error has occurred.
